Using pre-set license
Built from '2020.3/staging' branch; Version is '2020.3.11f1 (99c7afb366b3) revision 10078127'; Using compiler version '192528614'; Build Type 'Release'
OS: 'Windows 10 Pro; OS build 19045.3693; Version 2009; 64bit' Language: 'ko' Physical Memory: 32593 MB
BatchMode: 1, IsHumanControllingUs: 0, StartBugReporterOnCrash: 0, Is64bit: 1, IsPro: 0

 COMMAND LINE ARGUMENTS:
C:\Program Files\Unity\Hub\Editor\2020.3.11f1\Editor\Unity.exe
-adb2
-batchMode
-noUpm
-name
AssetImportWorker0
-projectPath
C:/Users/smlab/Unity/ttangttameokgi2
-logFile
Logs/AssetImportWorker0.log
-srvPort
6836
Successfully changed project path to: C:/Users/smlab/Unity/ttangttameokgi2
C:/Users/smlab/Unity/ttangttameokgi2
Using Asset Import Pipeline V2.
Refreshing native plugins compatible for Editor in 21.82 ms, found 2 plugins.
Preloading 0 native plugins for Editor in 0.00 ms.
Initialize engine version: 2020.3.11f1 (99c7afb366b3)
[Subsystems] Discovering subsystems at path C:/Program Files/Unity/Hub/Editor/2020.3.11f1/Editor/Data/Resources/UnitySubsystems
[Subsystems] Discovering subsystems at path C:/Users/smlab/Unity/ttangttameokgi2/Assets
GfxDevice: creating device client; threaded=0
Direct3D:
    Version:  Direct3D 11.0 [level 11.1]
    Renderer: Intel(R) UHD Graphics 750 (ID=0x4c8a)
    Vendor:   
    VRAM:     16296 MB
    Driver:   31.0.101.4575
Initialize mono
Mono path[0] = 'C:/Program Files/Unity/Hub/Editor/2020.3.11f1/Editor/Data/Managed'
Mono path[1] = 'C:/Program Files/Unity/Hub/Editor/2020.3.11f1/Editor/Data/MonoBleedingEdge/lib/mono/unityjit'
Mono config path = 'C:/Program Files/Unity/Hub/Editor/2020.3.11f1/Editor/Data/MonoBleedingEdge/etc'
Using monoOptions --debugger-agent=transport=dt_socket,embedding=1,server=y,suspend=n,address=127.0.0.1:56532
Begin MonoManager ReloadAssembly
Registering precompiled unity dll's ...
Register platform support module: C:/Program Files/Unity/Hub/Editor/2020.3.11f1/Editor/Data/PlaybackEngines/WindowsStandaloneSupport/UnityEditor.WindowsStandalone.Extensions.dll
Register platform support module: C:/Program Files/Unity/Hub/Editor/2020.3.11f1/Editor/Data/PlaybackEngines/LinuxStandaloneSupport/UnityEditor.LinuxStandalone.Extensions.dll
Registered in 0.004167 seconds.
Native extension for LinuxStandalone target not found
Native extension for WindowsStandalone target not found
Refreshing native plugins compatible for Editor in 21.04 ms, found 2 plugins.
Preloading 0 native plugins for Editor in 0.00 ms.
Mono: successfully reloaded assembly
- Completed reload, in  0.986 seconds
Platform modules already initialized, skipping
Registering precompiled user dll's ...
Registered in 0.005805 seconds.
Begin MonoManager ReloadAssembly
Native extension for LinuxStandalone target not found
Native extension for WindowsStandalone target not found
Refreshing native plugins compatible for Editor in 0.19 ms, found 2 plugins.
Preloading 0 native plugins for Editor in 0.00 ms.
Mono: successfully reloaded assembly
- Completed reload, in  0.634 seconds
Platform modules already initialized, skipping
========================================================================
Worker process is ready to serve import requests
Launched and connected shader compiler UnityShaderCompiler.exe after 0.06 seconds
Refreshing native plugins compatible for Editor in 0.20 ms, found 2 plugins.
Preloading 0 native plugins for Editor in 0.00 ms.
Unloading 1386 Unused Serialized files (Serialized files now loaded: 0)
System memory in use before: 63.7 MB.
System memory in use after: 63.8 MB.

Unloading 13 unused Assets to reduce memory usage. Loaded Objects now: 1814.
Total: 0.975600 ms (FindLiveObjects: 0.088800 ms CreateObjectMapping: 0.026900 ms MarkObjects: 0.815800 ms  DeleteObjects: 0.043300 ms)

========================================================================
Received Import Request.
  path: ProjectSettings/TagManager.asset
  artifactKey: Guid(00000000000000003000000000000000) Importer(815301076,1909f56bfc062723c751e8b465ee728b)
Start importing ProjectSettings/TagManager.asset using Guid(00000000000000003000000000000000) Importer(815301076,1909f56bfc062723c751e8b465ee728b)  -> (artifact id: 'ce6a35c3cddc746e7501c0bd0ed6d4ce') in 0.027668 seconds
  Import took 0.029690 seconds .

========================================================================
Received Prepare
Registering precompiled user dll's ...
Registered in 0.005495 seconds.
Begin MonoManager ReloadAssembly
Native extension for LinuxStandalone target not found
Native extension for WindowsStandalone target not found
Refreshing native plugins compatible for Editor in 0.25 ms, found 2 plugins.
Preloading 0 native plugins for Editor in 0.00 ms.
Mono: successfully reloaded assembly
- Completed reload, in  0.634 seconds
Platform modules already initialized, skipping
Refreshing native plugins compatible for Editor in 0.24 ms, found 2 plugins.
Preloading 0 native plugins for Editor in 0.00 ms.
Unloading 1380 Unused Serialized files (Serialized files now loaded: 0)
System memory in use before: 63.5 MB.
System memory in use after: 63.6 MB.

Unloading 12 unused Assets to reduce memory usage. Loaded Objects now: 1814.
Total: 1.220300 ms (FindLiveObjects: 0.111200 ms CreateObjectMapping: 0.026400 ms MarkObjects: 1.063900 ms  DeleteObjects: 0.017900 ms)

========================================================================
Received Import Request.
  Time since last request: 1892.403438 seconds.
  path: Assets
  artifactKey: Guid(00000000000000001000000000000000) Importer(815301076,1909f56bfc062723c751e8b465ee728b)
Start importing Assets using Guid(00000000000000001000000000000000) Importer(815301076,1909f56bfc062723c751e8b465ee728b)  -> (artifact id: '42d402b061de3733987d63b9cc3b64de') in 0.007148 seconds
  Import took 0.009575 seconds .

========================================================================
Received Import Request.
  Time since last request: 19.601455 seconds.
  path: Assets/Material
  artifactKey: Guid(0bb2cc169884dcb4cae8d65eb46b6761) Importer(815301076,1909f56bfc062723c751e8b465ee728b)
Start importing Assets/Material using Guid(0bb2cc169884dcb4cae8d65eb46b6761) Importer(815301076,1909f56bfc062723c751e8b465ee728b)  -> (artifact id: 'fe215fbf4e63c1b46645cb01abb786df') in 0.003193 seconds
  Import took 0.005828 seconds .

========================================================================
Received Import Request.
  Time since last request: 14.615022 seconds.
  path: Assets/Material/Player 1.mat
  artifactKey: Guid(d841ce220d3f21544a606f4861244033) Importer(815301076,1909f56bfc062723c751e8b465ee728b)
Start importing Assets/Material/Player 1.mat using Guid(d841ce220d3f21544a606f4861244033) Importer(815301076,1909f56bfc062723c751e8b465ee728b)  -> (artifact id: '23e416a376774e110c20ed4f696b5869') in 0.066499 seconds
  Import took 0.068375 seconds .

========================================================================
Received Import Request.
  Time since last request: 72.270207 seconds.
  path: Assets/Material/Player 2.mat
  artifactKey: Guid(318b2a57216a4584597219d6ccdcc566) Importer(815301076,1909f56bfc062723c751e8b465ee728b)
Start importing Assets/Material/Player 2.mat using Guid(318b2a57216a4584597219d6ccdcc566) Importer(815301076,1909f56bfc062723c751e8b465ee728b)  -> (artifact id: 'aadea86cb32737cf4a018fafe218ba4e') in 0.009824 seconds
  Import took 0.011774 seconds .

========================================================================
Received Import Request.
  Time since last request: 21.527035 seconds.
  path: Assets/Material/Player 3.mat
  artifactKey: Guid(bf334278fcae6fa4ca4c2e5cc6d7ea71) Importer(815301076,1909f56bfc062723c751e8b465ee728b)
Start importing Assets/Material/Player 3.mat using Guid(bf334278fcae6fa4ca4c2e5cc6d7ea71) Importer(815301076,1909f56bfc062723c751e8b465ee728b)  -> (artifact id: '7667b00849f1c1c5a8127fa850a7c9da') in 0.013935 seconds
  Import took 0.015921 seconds .

========================================================================
Received Import Request.
  Time since last request: 25.336643 seconds.
  path: Assets/Material/Player 4.mat
  artifactKey: Guid(13857b265c519944599f83b596f942e4) Importer(815301076,1909f56bfc062723c751e8b465ee728b)
Start importing Assets/Material/Player 4.mat using Guid(13857b265c519944599f83b596f942e4) Importer(815301076,1909f56bfc062723c751e8b465ee728b)  -> (artifact id: '110621ec2a1566f80b980f47f0b20149') in 0.015164 seconds
  Import took 0.017009 seconds .

========================================================================
Received Prepare
Registering precompiled user dll's ...
Registered in 0.006457 seconds.
Begin MonoManager ReloadAssembly
Native extension for LinuxStandalone target not found
Native extension for WindowsStandalone target not found
Refreshing native plugins compatible for Editor in 0.29 ms, found 2 plugins.
Preloading 0 native plugins for Editor in 0.00 ms.
Mono: successfully reloaded assembly
- Completed reload, in  0.733 seconds
Platform modules already initialized, skipping
Refreshing native plugins compatible for Editor in 0.25 ms, found 2 plugins.
Preloading 0 native plugins for Editor in 0.00 ms.
Unloading 1380 Unused Serialized files (Serialized files now loaded: 0)
System memory in use before: 66.8 MB.
System memory in use after: 66.9 MB.

Unloading 11 unused Assets to reduce memory usage. Loaded Objects now: 1854.
Total: 1.175200 ms (FindLiveObjects: 0.104500 ms CreateObjectMapping: 0.029200 ms MarkObjects: 1.024500 ms  DeleteObjects: 0.015900 ms)

========================================================================
Received Prepare
Registering precompiled user dll's ...
Registered in 0.004745 seconds.
Begin MonoManager ReloadAssembly
Native extension for LinuxStandalone target not found
Native extension for WindowsStandalone target not found
Refreshing native plugins compatible for Editor in 0.20 ms, found 2 plugins.
Preloading 0 native plugins for Editor in 0.00 ms.
Mono: successfully reloaded assembly
- Completed reload, in  0.556 seconds
Platform modules already initialized, skipping
Refreshing native plugins compatible for Editor in 0.24 ms, found 2 plugins.
Preloading 0 native plugins for Editor in 0.00 ms.
Unloading 1380 Unused Serialized files (Serialized files now loaded: 0)
System memory in use before: 66.8 MB.
System memory in use after: 67.0 MB.

Unloading 11 unused Assets to reduce memory usage. Loaded Objects now: 1854.
Total: 0.967200 ms (FindLiveObjects: 0.087700 ms CreateObjectMapping: 0.025200 ms MarkObjects: 0.841700 ms  DeleteObjects: 0.011600 ms)

========================================================================
Received Import Request.
  Time since last request: 451.243778 seconds.
  path: Assets/Scenes
  artifactKey: Guid(8213c885965423047af4cbba28939ea0) Importer(815301076,1909f56bfc062723c751e8b465ee728b)
Start importing Assets/Scenes using Guid(8213c885965423047af4cbba28939ea0) Importer(815301076,1909f56bfc062723c751e8b465ee728b)  -> (artifact id: 'f2e8a13a5d2622960c1d2ae1a5fd2481') in 0.004973 seconds
  Import took 0.006727 seconds .

========================================================================
Received Import Request.
  Time since last request: 8.059780 seconds.
  path: Assets/Script
  artifactKey: Guid(47cca76087026a24794051b77622a41b) Importer(815301076,1909f56bfc062723c751e8b465ee728b)
Start importing Assets/Script using Guid(47cca76087026a24794051b77622a41b) Importer(815301076,1909f56bfc062723c751e8b465ee728b)  -> (artifact id: 'f0643d56c3d9ba75de34ef5fc2505a62') in 0.003237 seconds
  Import took 0.004977 seconds .

========================================================================
Received Import Request.
  Time since last request: 10.469984 seconds.
  path: Assets/Script/Mover.cs
  artifactKey: Guid(434aa4b23d87fc843a87f15e1eebd071) Importer(815301076,1909f56bfc062723c751e8b465ee728b)
Start importing Assets/Script/Mover.cs using Guid(434aa4b23d87fc843a87f15e1eebd071) Importer(815301076,1909f56bfc062723c751e8b465ee728b)  -> (artifact id: '9ca5b1817310c78234456c41449e234a') in 0.010261 seconds
  Import took 0.012172 seconds .

========================================================================
Received Prepare
Registering precompiled user dll's ...
Registered in 0.005574 seconds.
Begin MonoManager ReloadAssembly
Native extension for LinuxStandalone target not found
Native extension for WindowsStandalone target not found
Refreshing native plugins compatible for Editor in 0.21 ms, found 2 plugins.
Preloading 0 native plugins for Editor in 0.00 ms.
Mono: successfully reloaded assembly
- Completed reload, in  0.568 seconds
Platform modules already initialized, skipping
Refreshing native plugins compatible for Editor in 0.19 ms, found 2 plugins.
Preloading 0 native plugins for Editor in 0.00 ms.
Unloading 1381 Unused Serialized files (Serialized files now loaded: 0)
System memory in use before: 66.9 MB.
System memory in use after: 67.0 MB.

Unloading 11 unused Assets to reduce memory usage. Loaded Objects now: 1855.
Total: 0.947600 ms (FindLiveObjects: 0.080500 ms CreateObjectMapping: 0.023400 ms MarkObjects: 0.831500 ms  DeleteObjects: 0.011300 ms)

========================================================================
Received Import Request.
  Time since last request: 1152.102609 seconds.
  path: Assets/Script/Mover.cs
  artifactKey: Guid(434aa4b23d87fc843a87f15e1eebd071) Importer(815301076,1909f56bfc062723c751e8b465ee728b)
Start importing Assets/Script/Mover.cs using Guid(434aa4b23d87fc843a87f15e1eebd071) Importer(815301076,1909f56bfc062723c751e8b465ee728b)  -> (artifact id: 'ea32e409475af5d4a9a1cdf83d72e6e6') in 0.006661 seconds
  Import took 0.009250 seconds .

========================================================================
Received Import Request.
  Time since last request: 788.847394 seconds.
  path: Packages/com.unity.textmeshpro/package.json
  artifactKey: Guid(220e9325710f4235a43492dd1ee4980d) Importer(815301076,1909f56bfc062723c751e8b465ee728b)
Start importing Packages/com.unity.textmeshpro/package.json using Guid(220e9325710f4235a43492dd1ee4980d) Importer(815301076,1909f56bfc062723c751e8b465ee728b)  -> (artifact id: '2c6d4de5db3a39bcb3575c98dc9df750') in 0.012248 seconds
  Import took 0.014814 seconds .

AssetImportWorkerClient::OnTransportError - code=2 error=End of file
